Performing C SOURCE FILE Test CMAKE_HAVE_LIBC_PTHREAD failed with the following output:
Change Dir: /home/aint/park/algs/build/CMakeFiles/CMakeTmp

Run Build Command(s):/usr/bin/make -f Makefile cmTC_b9f8d/fast && /usr/bin/make  -f CMakeFiles/cmTC_b9f8d.dir/build.make CMakeFiles/cmTC_b9f8d.dir/build
make[1]: Entering directory '/home/aint/park/algs/build/CMakeFiles/CMakeTmp'
Building C object CMakeFiles/cmTC_b9f8d.dir/src.c.o
/usr/share/clang/scan-build-10/libexec/ccc-analyzer -DCMAKE_HAVE_LIBC_PTHREAD   -o CMakeFiles/cmTC_b9f8d.dir/src.c.o -c /home/aint/park/algs/build/CMakeFiles/CMakeTmp/src.c
Linking C executable cmTC_b9f8d
/home/aint/.local/lib/python3.8/site-packages/cmake/data/bin/cmake -E cmake_link_script CMakeFiles/cmTC_b9f8d.dir/link.txt --verbose=1
/usr/share/clang/scan-build-10/libexec/ccc-analyzer  -coverage -lgcov  CMakeFiles/cmTC_b9f8d.dir/src.c.o -o cmTC_b9f8d 
/usr/bin/ld: CMakeFiles/cmTC_b9f8d.dir/src.c.o: in function `main':
src.c:(.text+0x46): undefined reference to `pthread_create'
/usr/bin/ld: src.c:(.text+0x52): undefined reference to `pthread_detach'
/usr/bin/ld: src.c:(.text+0x5e): undefined reference to `pthread_cancel'
/usr/bin/ld: src.c:(.text+0x6f): undefined reference to `pthread_join'
collect2: error: ld returned 1 exit status
make[1]: *** [CMakeFiles/cmTC_b9f8d.dir/build.make:99: cmTC_b9f8d] Error 1
make[1]: Leaving directory '/home/aint/park/algs/build/CMakeFiles/CMakeTmp'
make: *** [Makefile:127: cmTC_b9f8d/fast] Error 2


Source file was:
#include <pthread.h>

static void* test_func(void* data)
{
  return data;
}

int main(void)
{
  pthread_t thread;
  pthread_create(&thread, NULL, test_func, NULL);
  pthread_detach(thread);
  pthread_cancel(thread);
  pthread_join(thread, NULL);
  pthread_atfork(NULL, NULL, NULL);
  pthread_exit(NULL);

  return 0;
}

Determining if the function pthread_create exists in the pthreads failed with the following output:
Change Dir: /home/aint/park/algs/build/CMakeFiles/CMakeTmp

Run Build Command(s):/usr/bin/make -f Makefile cmTC_c7298/fast && /usr/bin/make  -f CMakeFiles/cmTC_c7298.dir/build.make CMakeFiles/cmTC_c7298.dir/build
make[1]: Entering directory '/home/aint/park/algs/build/CMakeFiles/CMakeTmp'
Building C object CMakeFiles/cmTC_c7298.dir/CheckFunctionExists.c.o
/usr/share/clang/scan-build-10/libexec/ccc-analyzer   -DCHECK_FUNCTION_EXISTS=pthread_create -o CMakeFiles/cmTC_c7298.dir/CheckFunctionExists.c.o -c /home/aint/.local/lib/python3.8/site-packages/cmake/data/share/cmake-3.22/Modules/CheckFunctionExists.c
Linking C executable cmTC_c7298
/home/aint/.local/lib/python3.8/site-packages/cmake/data/bin/cmake -E cmake_link_script CMakeFiles/cmTC_c7298.dir/link.txt --verbose=1
/usr/share/clang/scan-build-10/libexec/ccc-analyzer  -DCHECK_FUNCTION_EXISTS=pthread_create  -coverage -lgcov  CMakeFiles/cmTC_c7298.dir/CheckFunctionExists.c.o -o cmTC_c7298  -lpthreads 
/usr/bin/ld: cannot find -lpthreads
collect2: error: ld returned 1 exit status
make[1]: *** [CMakeFiles/cmTC_c7298.dir/build.make:99: cmTC_c7298] Error 1
make[1]: Leaving directory '/home/aint/park/algs/build/CMakeFiles/CMakeTmp'
make: *** [Makefile:127: cmTC_c7298/fast] Error 2



